<?xml version="1.0" encoding="UTF-8"?>
<!-- Generated by org.testng.reporters.JUnitXMLReporter -->
<testsuite ignored="0" hostname="Yehia-pc" failures="0" tests="3" name="XYZ_Bank_TestNG" time="2.263" errors="0" timestamp="2023-10-20T18:26:29 EET">
  <testcase classname="TestCases.TestBase" name="@BeforeTest setupChromeDriver" time="-1.697819187257E9">
    <failure type="org.testng.TestNGException" message="
Parameter &amp;apos;browser&amp;apos; is required by BeforeTest on method setupChromeDriver but has not been marked @Optional or defined
in C:\Users\Menna\AppData\Local\JetBrains\IdeaIC2021.3\temp-testng-customsuite.xml">
      <![CDATA[org.testng.TestNGException: 
Parameter 'browser' is required by BeforeTest on method setupChromeDriver but has not been marked @Optional or defined
in C:\Users\Menna\AppData\Local\JetBrains\IdeaIC2021.3\temp-testng-customsuite.xml
at com.intellij.rt.testng.IDEARemoteTestNG.run(IDEARemoteTestNG.java:66)
at com.intellij.rt.testng.RemoteTestNGStarter.main(RemoteTestNGStarter.java:109)
... Removed 18 stack frames]]>
    </failure>
  </testcase> <!-- @BeforeTest setupChromeDriver -->
  <testcase classname="TestCases.TestBase" name="@AfterMethod getResult" time="0.0">
    <skipped/>
  </testcase> <!-- @AfterMethod getResult -->
  <testcase classname="TestCases.TestBase" name="@AfterMethod getResult" time="0.0">
    <skipped/>
  </testcase> <!-- @AfterMethod getResult -->
  <testcase classname="TestCases.TestBase" name="@AfterMethod getResult" time="0.0">
    <skipped/>
  </testcase> <!-- @AfterMethod getResult -->
  <testcase classname="TestCases.TestBase" name="@AfterTest quite" time="0.0">
    <skipped/>
  </testcase> <!-- @AfterTest quite -->
  <testcase classname="TestCases.TC01_CustomerLogin" name="Withdrawl" time="0.0">
    <skipped/>
  </testcase> <!-- Withdrawl -->
  <testcase classname="TestCases.TC01_CustomerLogin" name="customerLogin" time="0.0">
    <skipped/>
  </testcase> <!-- customerLogin -->
  <testcase classname="TestCases.TC01_CustomerLogin" name="deposit" time="0.0">
    <skipped/>
  </testcase> <!-- deposit -->
</testsuite> <!-- XYZ_Bank_TestNG -->
